[2021-07-13 10:54:21.028] [info] Loaded model subject01_probed_adj4 from file C:\Users\ellaa\OneDrive - University of Glasgow\Documents\MEng_Project\ElspethData2\Models_Reference\E_Elspeth_Adjusted4.osim
[2021-07-13 10:54:21.030] [warning] Couldn't find file 'sacrum.vtp'.
[2021-07-13 10:54:21.030] [warning] Couldn't find file 'pelvis.vtp'.
[2021-07-13 10:54:21.031] [warning] Couldn't find file 'l_pelvis.vtp'.
[2021-07-13 10:54:21.031] [warning] Couldn't find file 'femur.vtp'.
[2021-07-13 10:54:21.032] [warning] Couldn't find file 'tibia.vtp'.
[2021-07-13 10:54:21.032] [warning] Couldn't find file 'fibula.vtp'.
[2021-07-13 10:54:21.033] [warning] Couldn't find file 'talus.vtp'.
[2021-07-13 10:54:21.033] [warning] Couldn't find file 'foot.vtp'.
[2021-07-13 10:54:21.034] [warning] Couldn't find file 'bofoot.vtp'.
[2021-07-13 10:54:21.034] [warning] Couldn't find file 'l_femur.vtp'.
[2021-07-13 10:54:21.034] [warning] Couldn't find file 'l_tibia.vtp'.
[2021-07-13 10:54:21.035] [warning] Couldn't find file 'l_fibula.vtp'.
[2021-07-13 10:54:21.035] [warning] Couldn't find file 'l_talus.vtp'.
[2021-07-13 10:54:21.035] [warning] Couldn't find file 'l_foot.vtp'.
[2021-07-13 10:54:21.036] [warning] Couldn't find file 'l_bofoot.vtp'.
[2021-07-13 10:54:21.036] [warning] Couldn't find file 'hat_spine.vtp'.
[2021-07-13 10:54:21.037] [warning] Couldn't find file 'hat_jaw.vtp'.
[2021-07-13 10:54:21.037] [warning] Couldn't find file 'hat_skull.vtp'.
[2021-07-13 10:54:21.038] [warning] Couldn't find file 'hat_ribs.vtp'.
[2021-07-13 10:54:21.038] [warning] Couldn't find file 'backpack_2.STL'.
[2021-07-13 10:54:21.038] [warning] Couldn't find file 'group_dx.stl'.
[2021-07-13 10:54:21.039] [warning] Couldn't find file 'group_sx.stl'.
[2021-07-13 10:54:21.039] [warning] Couldn't find file 'link_dx.STL'.
[2021-07-13 10:54:21.040] [warning] Couldn't find file 'link_sx.STL'.
[2021-07-13 10:54:48.017] [info] Loaded model subject01_probed_adj5 from file C:\Users\ellaa\OneDrive - University of Glasgow\Documents\MEng_Project\ElspethData2\Models_Reference\E_Elspeth_Adjusted5.osim
[2021-07-13 10:54:48.018] [warning] Couldn't find file 'sacrum.vtp'.
[2021-07-13 10:54:48.018] [warning] Couldn't find file 'pelvis.vtp'.
[2021-07-13 10:54:48.018] [warning] Couldn't find file 'l_pelvis.vtp'.
[2021-07-13 10:54:48.018] [warning] Couldn't find file 'femur.vtp'.
[2021-07-13 10:54:48.019] [warning] Couldn't find file 'tibia.vtp'.
[2021-07-13 10:54:48.019] [warning] Couldn't find file 'fibula.vtp'.
[2021-07-13 10:54:48.019] [warning] Couldn't find file 'talus.vtp'.
[2021-07-13 10:54:48.019] [warning] Couldn't find file 'foot.vtp'.
[2021-07-13 10:54:48.020] [warning] Couldn't find file 'bofoot.vtp'.
[2021-07-13 10:54:48.020] [warning] Couldn't find file 'l_femur.vtp'.
[2021-07-13 10:54:48.020] [warning] Couldn't find file 'l_tibia.vtp'.
[2021-07-13 10:54:48.020] [warning] Couldn't find file 'l_fibula.vtp'.
[2021-07-13 10:54:48.021] [warning] Couldn't find file 'l_talus.vtp'.
[2021-07-13 10:54:48.021] [warning] Couldn't find file 'l_foot.vtp'.
[2021-07-13 10:54:48.021] [warning] Couldn't find file 'l_bofoot.vtp'.
[2021-07-13 10:54:48.021] [warning] Couldn't find file 'hat_spine.vtp'.
[2021-07-13 10:54:48.022] [warning] Couldn't find file 'hat_jaw.vtp'.
[2021-07-13 10:54:48.022] [warning] Couldn't find file 'hat_skull.vtp'.
[2021-07-13 10:54:48.022] [warning] Couldn't find file 'hat_ribs.vtp'.
[2021-07-13 10:54:48.022] [warning] Couldn't find file 'backpack_2.STL'.
[2021-07-13 10:54:48.022] [warning] Couldn't find file 'group_dx.stl'.
[2021-07-13 10:54:48.023] [warning] Couldn't find file 'group_sx.stl'.
[2021-07-13 10:54:48.023] [warning] Couldn't find file 'link_dx.STL'.
[2021-07-13 10:54:48.023] [warning] Couldn't find file 'link_sx.STL'.
[2021-07-13 10:55:19.596] [info] Loaded model subject01_probed_adj5 from file C:\Users\ellaa\OneDrive - University of Glasgow\Documents\MEng_Project\ElspethData2\Models_Reference\E_Elspeth_Adjusted5.osim
[2021-07-13 10:55:19.597] [warning] Couldn't find file 'sacrum.vtp'.
[2021-07-13 10:55:19.598] [warning] Couldn't find file 'pelvis.vtp'.
[2021-07-13 10:55:19.598] [warning] Couldn't find file 'l_pelvis.vtp'.
[2021-07-13 10:55:19.598] [warning] Couldn't find file 'femur.vtp'.
[2021-07-13 10:55:19.599] [warning] Couldn't find file 'tibia.vtp'.
[2021-07-13 10:55:19.599] [warning] Couldn't find file 'fibula.vtp'.
[2021-07-13 10:55:19.600] [warning] Couldn't find file 'talus.vtp'.
[2021-07-13 10:55:19.600] [warning] Couldn't find file 'foot.vtp'.
[2021-07-13 10:55:19.600] [warning] Couldn't find file 'bofoot.vtp'.
[2021-07-13 10:55:19.600] [warning] Couldn't find file 'l_femur.vtp'.
[2021-07-13 10:55:19.601] [warning] Couldn't find file 'l_tibia.vtp'.
[2021-07-13 10:55:19.601] [warning] Couldn't find file 'l_fibula.vtp'.
[2021-07-13 10:55:19.601] [warning] Couldn't find file 'l_talus.vtp'.
[2021-07-13 10:55:19.601] [warning] Couldn't find file 'l_foot.vtp'.
[2021-07-13 10:55:19.601] [warning] Couldn't find file 'l_bofoot.vtp'.
[2021-07-13 10:55:19.602] [warning] Couldn't find file 'hat_spine.vtp'.
[2021-07-13 10:55:19.602] [warning] Couldn't find file 'hat_jaw.vtp'.
[2021-07-13 10:55:19.602] [warning] Couldn't find file 'hat_skull.vtp'.
[2021-07-13 10:55:19.602] [warning] Couldn't find file 'hat_ribs.vtp'.
[2021-07-13 10:55:19.602] [warning] Couldn't find file 'backpack_2.STL'.
[2021-07-13 10:55:19.603] [warning] Couldn't find file 'group_dx.stl'.
[2021-07-13 10:55:19.603] [warning] Couldn't find file 'group_sx.stl'.
[2021-07-13 10:55:19.603] [warning] Couldn't find file 'link_dx.STL'.
[2021-07-13 10:55:19.603] [warning] Couldn't find file 'link_sx.STL'.
[2021-07-13 11:01:34.310] [info] Loaded model subject01_probed_adj6 from file C:\Users\ellaa\OneDrive - University of Glasgow\Documents\MEng_Project\ElspethData2\Models_Reference\E_Elspeth_Adjusted6.osim
[2021-07-13 11:01:34.311] [warning] Couldn't find file 'sacrum.vtp'.
[2021-07-13 11:01:34.311] [warning] Couldn't find file 'pelvis.vtp'.
[2021-07-13 11:01:34.312] [warning] Couldn't find file 'l_pelvis.vtp'.
[2021-07-13 11:01:34.312] [warning] Couldn't find file 'femur.vtp'.
[2021-07-13 11:01:34.312] [warning] Couldn't find file 'tibia.vtp'.
[2021-07-13 11:01:34.312] [warning] Couldn't find file 'fibula.vtp'.
[2021-07-13 11:01:34.312] [warning] Couldn't find file 'talus.vtp'.
[2021-07-13 11:01:34.313] [warning] Couldn't find file 'foot.vtp'.
[2021-07-13 11:01:34.313] [warning] Couldn't find file 'bofoot.vtp'.
[2021-07-13 11:01:34.313] [warning] Couldn't find file 'l_femur.vtp'.
[2021-07-13 11:01:34.313] [warning] Couldn't find file 'l_tibia.vtp'.
[2021-07-13 11:01:34.314] [warning] Couldn't find file 'l_fibula.vtp'.
[2021-07-13 11:01:34.314] [warning] Couldn't find file 'l_talus.vtp'.
[2021-07-13 11:01:34.314] [warning] Couldn't find file 'l_foot.vtp'.
[2021-07-13 11:01:34.314] [warning] Couldn't find file 'l_bofoot.vtp'.
[2021-07-13 11:01:34.314] [warning] Couldn't find file 'hat_spine.vtp'.
[2021-07-13 11:01:34.315] [warning] Couldn't find file 'hat_jaw.vtp'.
[2021-07-13 11:01:34.315] [warning] Couldn't find file 'hat_skull.vtp'.
[2021-07-13 11:01:34.315] [warning] Couldn't find file 'hat_ribs.vtp'.
[2021-07-13 11:01:34.315] [warning] Couldn't find file 'backpack_2.STL'.
[2021-07-13 11:01:34.315] [warning] Couldn't find file 'group_dx.stl'.
[2021-07-13 11:01:34.316] [warning] Couldn't find file 'group_sx.stl'.
[2021-07-13 11:01:34.316] [warning] Couldn't find file 'link_dx.STL'.
[2021-07-13 11:01:34.316] [warning] Couldn't find file 'link_sx.STL'.
[2021-07-13 11:15:14.810] [info] Loaded model subject01_probed_adj7 from file C:\Users\ellaa\OneDrive - University of Glasgow\Documents\MEng_Project\ElspethData2\Models_Reference\E_Elspeth_Adjusted7.osim
[2021-07-13 11:15:14.811] [warning] Couldn't find file 'sacrum.vtp'.
[2021-07-13 11:15:14.811] [warning] Couldn't find file 'pelvis.vtp'.
[2021-07-13 11:15:14.811] [warning] Couldn't find file 'l_pelvis.vtp'.
[2021-07-13 11:15:14.812] [warning] Couldn't find file 'femur.vtp'.
[2021-07-13 11:15:14.812] [warning] Couldn't find file 'tibia.vtp'.
[2021-07-13 11:15:14.812] [warning] Couldn't find file 'fibula.vtp'.
[2021-07-13 11:15:14.812] [warning] Couldn't find file 'talus.vtp'.
[2021-07-13 11:15:14.813] [warning] Couldn't find file 'foot.vtp'.
[2021-07-13 11:15:14.813] [warning] Couldn't find file 'bofoot.vtp'.
[2021-07-13 11:15:14.813] [warning] Couldn't find file 'l_femur.vtp'.
[2021-07-13 11:15:14.813] [warning] Couldn't find file 'l_tibia.vtp'.
[2021-07-13 11:15:14.813] [warning] Couldn't find file 'l_fibula.vtp'.
[2021-07-13 11:15:14.814] [warning] Couldn't find file 'l_talus.vtp'.
[2021-07-13 11:15:14.814] [warning] Couldn't find file 'l_foot.vtp'.
[2021-07-13 11:15:14.814] [warning] Couldn't find file 'l_bofoot.vtp'.
[2021-07-13 11:15:14.814] [warning] Couldn't find file 'hat_spine.vtp'.
[2021-07-13 11:15:14.815] [warning] Couldn't find file 'hat_jaw.vtp'.
[2021-07-13 11:15:14.815] [warning] Couldn't find file 'hat_skull.vtp'.
[2021-07-13 11:15:14.815] [warning] Couldn't find file 'hat_ribs.vtp'.
[2021-07-13 11:15:14.815] [warning] Couldn't find file 'backpack_2.STL'.
[2021-07-13 11:15:14.815] [warning] Couldn't find file 'group_dx.stl'.
[2021-07-13 11:15:14.816] [warning] Couldn't find file 'group_sx.stl'.
[2021-07-13 11:15:14.816] [warning] Couldn't find file 'link_dx.STL'.
[2021-07-13 11:15:14.816] [warning] Couldn't find file 'link_sx.STL'.
[2021-07-13 11:24:00.342] [info] Loaded model subject01_probed_adj8 from file C:\Users\ellaa\OneDrive - University of Glasgow\Documents\MEng_Project\ElspethData2\Models_Reference\E_Elspeth_Adjusted8.osim
[2021-07-13 11:24:00.342] [warning] Couldn't find file 'sacrum.vtp'.
[2021-07-13 11:24:00.343] [warning] Couldn't find file 'pelvis.vtp'.
[2021-07-13 11:24:00.343] [warning] Couldn't find file 'l_pelvis.vtp'.
[2021-07-13 11:24:00.343] [warning] Couldn't find file 'femur.vtp'.
[2021-07-13 11:24:00.343] [warning] Couldn't find file 'tibia.vtp'.
[2021-07-13 11:24:00.343] [warning] Couldn't find file 'fibula.vtp'.
[2021-07-13 11:24:00.344] [warning] Couldn't find file 'talus.vtp'.
[2021-07-13 11:24:00.344] [warning] Couldn't find file 'foot.vtp'.
[2021-07-13 11:24:00.344] [warning] Couldn't find file 'bofoot.vtp'.
[2021-07-13 11:24:00.344] [warning] Couldn't find file 'l_femur.vtp'.
[2021-07-13 11:24:00.345] [warning] Couldn't find file 'l_tibia.vtp'.
[2021-07-13 11:24:00.345] [warning] Couldn't find file 'l_fibula.vtp'.
[2021-07-13 11:24:00.345] [warning] Couldn't find file 'l_talus.vtp'.
[2021-07-13 11:24:00.346] [warning] Couldn't find file 'l_foot.vtp'.
[2021-07-13 11:24:00.346] [warning] Couldn't find file 'l_bofoot.vtp'.
[2021-07-13 11:24:00.346] [warning] Couldn't find file 'hat_spine.vtp'.
[2021-07-13 11:24:00.346] [warning] Couldn't find file 'hat_jaw.vtp'.
[2021-07-13 11:24:00.346] [warning] Couldn't find file 'hat_skull.vtp'.
[2021-07-13 11:24:00.347] [warning] Couldn't find file 'hat_ribs.vtp'.
[2021-07-13 11:24:00.347] [warning] Couldn't find file 'backpack_2.STL'.
[2021-07-13 11:24:00.347] [warning] Couldn't find file 'group_dx.stl'.
[2021-07-13 11:24:00.347] [warning] Couldn't find file 'group_sx.stl'.
[2021-07-13 11:24:00.348] [warning] Couldn't find file 'link_dx.STL'.
[2021-07-13 11:24:00.348] [warning] Couldn't find file 'link_sx.STL'.
